e:\users\lenovo\source\repos\opencv\opencv\x64\release\vc142.pdb
e:\users\lenovo\source\repos\opencv\opencv\x64\release\人脸识别.obj
e:\users\lenovo\source\repos\opencv\opencv\x64\release\test5.obj
e:\users\lenovo\source\repos\opencv\opencv\x64\release\test4.obj
e:\users\lenovo\source\repos\opencv\opencv\x64\release\test3.obj
e:\users\lenovo\source\repos\opencv\opencv\x64\release\biecaibaikuaierdem.obj
e:\users\lenovo\source\repos\opencv\opencv\x64\release\test.obj
e:\users\lenovo\source\repos\opencv\opencv\x64\release\project1.obj
e:\users\lenovo\source\repos\opencv\opencv\x64\release\colorpick.obj
e:\users\lenovo\source\repos\opencv\opencv\x64\release\charpter7.obj
e:\users\lenovo\source\repos\opencv\opencv\x64\release\charpter6.obj
e:\users\lenovo\source\repos\opencv\opencv\x64\release\charpter5.obj
e:\users\lenovo\source\repos\opencv\opencv\x64\release\charpter4.obj
e:\users\lenovo\source\repos\opencv\opencv\x64\release\charpter3.obj
e:\users\lenovo\source\repos\opencv\opencv\x64\release\charpter2.obj
e:\users\lenovo\source\repos\opencv\opencv\x64\release\源1.obj
e:\users\lenovo\source\repos\opencv\opencv\x64\release\源.obj
e:\users\lenovo\source\repos\opencv\opencv\x64\release\单个图像识别.obj
e:\users\lenovo\source\repos\opencv\opencv\x64\release\图片对象检测.obj
e:\users\lenovo\source\repos\opencv\opencv\x64\release\视频对象检测.obj
e:\users\lenovo\source\repos\opencv\opencv\x64\release\人脸识别2.obj
e:\users\lenovo\source\repos\opencv\opencv\x64\release\dlib特征点.obj
e:\users\lenovo\source\repos\opencv\opencv\x64\release\二代人脸识别未完成版.obj
e:\users\lenovo\source\repos\opencv\opencv\x64\release\一代人脸识别.obj
e:\users\lenovo\source\repos\opencv\opencv\x64\release\性别年龄.obj
e:\users\lenovo\source\repos\opencv\opencv\x64\release\人脸检测.obj
e:\users\lenovo\source\repos\opencv\opencv\x64\release\人脸检测2.obj
e:\users\lenovo\source\repos\opencv\opencv\x64\release\yolov5.obj
e:\users\lenovo\source\repos\opencv\opencv\x64\release\yolov3.obj
e:\users\lenovo\source\repos\opencv\opencv\x64\release\serdemo.obj
e:\users\lenovo\source\repos\opencv\opencv\x64\release\源2.obj
e:\users\lenovo\source\repos\opencv\opencv\x64\release\opencv.ipdb
e:\users\lenovo\source\repos\opencv\opencv\x64\release\opencv.iobj
e:\users\lenovo\source\repos\opencv\x64\release\opencv.pdb
e:\users\lenovo\source\repos\opencv\opencv\x64\release\opencv.tlog\cl.command.1.tlog
e:\users\lenovo\source\repos\opencv\opencv\x64\release\opencv.tlog\cl.read.1.tlog
e:\users\lenovo\source\repos\opencv\opencv\x64\release\opencv.tlog\cl.write.1.tlog
e:\users\lenovo\source\repos\opencv\opencv\x64\release\opencv.tlog\link.command.1.tlog
e:\users\lenovo\source\repos\opencv\opencv\x64\release\opencv.tlog\link.read.1.tlog
e:\users\lenovo\source\repos\opencv\opencv\x64\release\opencv.tlog\link.write.1.tlog
